<?xml version="1.0" encoding="utf-8"?>
<log version="1.0" tool="runtool">

<msg id="1" tool="runtool">
  <type>log-start</type>
  <arg>2022/10/31 10:09:08</arg>
</msg>
<msg id="2" tool="runtool">
  <type>bandwidth-measurement-starts</type>
</msg>
<msg id="3" tool="runtool">
  <type>bandwidth-measurement-done</type>
</msg>
<msg id="4" tool="runtool">
  <type>collector-starts</type>
</msg>
<msg id="5" tool="runtool">
  <type>marker-file</type>
  <arg>/home/444/yz4016/COMP3320/assessments/comp3320-2022-assignment-2/build/adv_results/e000/trc000/trc000.advixe</arg>
</msg>
<msg id="6" tool="trc">
  <type>PROCESS_START</type>
  <arg>/home/444/yz4016/COMP3320/assessments/comp3320-2022-assignment-2/build/kernel_block</arg>
  <arg>1084292</arg>
  <severity>INFO</severity>
  <timestamp>Sun Oct 30 23:09:35 2022</timestamp>
</msg>
<msg id="7" tool="trc">
  <type>PROCESS_ANALYSIS_MODE</type>
  <arg>full</arg>
  <severity>INFO</severity>
  <timestamp>Sun Oct 30 23:09:35 2022</timestamp>
</msg>
<msg id="8" tool="trc">
  <type>LOAD_MODULE</type>
  <arg>/home/444/yz4016/COMP3320/assessments/comp3320-2022-assignment-2/build/kernel_block</arg>
  <arg>0x400000</arg>
  <arg>0x61151f</arg>
  <arg>yes</arg>
  <severity>INFO</severity>
  <timestamp>Sun Oct 30 23:09:35 2022</timestamp>
</msg>
<msg id="9" tool="trc">
  <type>LOAD_MODULE</type>
  <arg>/lib64/ld-linux-x86-64.so.2</arg>
  <arg>0x14f175118000</arg>
  <arg>0x14f1753471ef</arg>
  <arg>yes</arg>
  <severity>INFO</severity>
  <timestamp>Sun Oct 30 23:09:35 2022</timestamp>
</msg>
<msg id="10" tool="trc">
  <type>LOAD_MODULE</type>
  <arg>[vdso]</arg>
  <arg>0x7ffe43ba6000</arg>
  <arg>0x7ffe43ba6f5c</arg>
  <arg>no</arg>
  <severity>INFO</severity>
  <timestamp>Sun Oct 30 23:09:35 2022</timestamp>
</msg>
<msg id="11" tool="trc">
  <type>LOAD_MODULE</type>
  <arg>/apps/papi/5.7.0/lib/libpapi.so.5</arg>
  <arg>0x14f15e474000</arg>
  <arg>0x14f15e6cb34f</arg>
  <arg>yes</arg>
  <severity>INFO</severity>
  <timestamp>Sun Oct 30 23:09:36 2022</timestamp>
</msg>
<msg id="12" tool="trc">
  <type>LOAD_MODULE</type>
  <arg>/lib64/libm.so.6</arg>
  <arg>0x14f15df4d000</arg>
  <arg>0x14f15e2ce13f</arg>
  <arg>no</arg>
  <severity>INFO</severity>
  <timestamp>Sun Oct 30 23:09:36 2022</timestamp>
</msg>
<msg id="13" tool="trc">
  <type>LOAD_MODULE</type>
  <arg>/apps/intel-ct/2021.6.0/compiler/linux/compiler/lib/intel64_lin/libiomp5.so</arg>
  <arg>0x14f15daa0000</arg>
  <arg>0x14f15ded877f</arg>
  <arg>yes</arg>
  <severity>INFO</severity>
  <timestamp>Sun Oct 30 23:09:36 2022</timestamp>
</msg>
<msg id="14" tool="trc">
  <type>LOAD_MODULE</type>
  <arg>/lib64/libpthread.so.0</arg>
  <arg>0x14f15d880000</arg>
  <arg>0x14f15da9f4bf</arg>
  <arg>yes</arg>
  <severity>INFO</severity>
  <timestamp>Sun Oct 30 23:09:36 2022</timestamp>
</msg>
<msg id="15" tool="trc">
  <type>LOAD_MODULE</type>
  <arg>/lib64/libstdc++.so.6</arg>
  <arg>0x14f15d4eb000</arg>
  <arg>0x14f15d87f61f</arg>
  <arg>no</arg>
  <severity>INFO</severity>
  <timestamp>Sun Oct 30 23:09:36 2022</timestamp>
</msg>
<msg id="16" tool="trc">
  <type>LOAD_MODULE</type>
  <arg>/lib64/libc.so.6</arg>
  <arg>0x14f15d126000</arg>
  <arg>0x14f15d4ea73f</arg>
  <arg>yes</arg>
  <severity>INFO</severity>
  <timestamp>Sun Oct 30 23:09:36 2022</timestamp>
</msg>
<msg id="17" tool="trc">
  <type>LOAD_MODULE</type>
  <arg>/lib64/libdl.so.2</arg>
  <arg>0x14f15cf22000</arg>
  <arg>0x14f15d12512f</arg>
  <arg>yes</arg>
  <severity>INFO</severity>
  <timestamp>Sun Oct 30 23:09:36 2022</timestamp>
</msg>
<msg id="18" tool="trc">
  <type>LOAD_MODULE</type>
  <arg>/apps/papi/5.7.0/lib/libpfm.so.4</arg>
  <arg>0x14f15ca1b000</arg>
  <arg>0x14f15cecdbdf</arg>
  <arg>yes</arg>
  <severity>INFO</severity>
  <timestamp>Sun Oct 30 23:09:36 2022</timestamp>
</msg>
<msg id="19" tool="trc">
  <type>LOAD_MODULE</type>
  <arg>/lib64/librt.so.1</arg>
  <arg>0x14f15c7ba000</arg>
  <arg>0x14f15c9c1bbf</arg>
  <arg>yes</arg>
  <severity>INFO</severity>
  <timestamp>Sun Oct 30 23:09:36 2022</timestamp>
</msg>
<msg id="20" tool="trc">
  <type>LOAD_MODULE</type>
  <arg>/lib64/libgcc_s.so.1</arg>
  <arg>0x14f15c5a2000</arg>
  <arg>0x14f15c7b92cf</arg>
  <arg>no</arg>
  <severity>INFO</severity>
  <timestamp>Sun Oct 30 23:09:36 2022</timestamp>
</msg>
<msg id="21" tool="trc">
  <type>LOAD_MODULE</type>
  <arg>/apps/intel-oneapi/advisor/2022.1.0/lib64/runtime/libittnotify.so</arg>
  <arg>0x14f12d28d000</arg>
  <arg>0x14f12d49965f</arg>
  <arg>no</arg>
  <severity>INFO</severity>
  <timestamp>Sun Oct 30 23:09:37 2022</timestamp>
</msg>
<msg id="22" tool="trc">
  <type>LOAD_MODULE</type>
  <arg>/apps/intel-oneapi/advisor/2022.1.0/lib64/libpinjitprofiling.so</arg>
  <arg>0x14f12cfc3000</arg>
  <arg>0x14f12cfc700f</arg>
  <arg>yes</arg>
  <severity>INFO</severity>
  <timestamp>Sun Oct 30 23:09:37 2022</timestamp>
</msg>
<msg id="23" tool="trc">
  <type>UNLOAD_MODULE</type>
  <arg>/home/444/yz4016/COMP3320/assessments/comp3320-2022-assignment-2/build/kernel_block</arg>
  <severity>INFO</severity>
  <timestamp>Sun Oct 30 23:10:36 2022</timestamp>
</msg>
<msg id="24" tool="trc">
  <type>UNLOAD_MODULE</type>
  <arg>/lib64/ld-linux-x86-64.so.2</arg>
  <severity>INFO</severity>
  <timestamp>Sun Oct 30 23:10:36 2022</timestamp>
</msg>
<msg id="25" tool="trc">
  <type>UNLOAD_MODULE</type>
  <arg>[vdso]</arg>
  <severity>INFO</severity>
  <timestamp>Sun Oct 30 23:10:36 2022</timestamp>
</msg>
<msg id="26" tool="trc">
  <type>UNLOAD_MODULE</type>
  <arg>/apps/papi/5.7.0/lib/libpapi.so.5</arg>
  <severity>INFO</severity>
  <timestamp>Sun Oct 30 23:10:36 2022</timestamp>
</msg>
<msg id="27" tool="trc">
  <type>UNLOAD_MODULE</type>
  <arg>/lib64/libm.so.6</arg>
  <severity>INFO</severity>
  <timestamp>Sun Oct 30 23:10:36 2022</timestamp>
</msg>
<msg id="28" tool="trc">
  <type>UNLOAD_MODULE</type>
  <arg>/apps/intel-ct/2021.6.0/compiler/linux/compiler/lib/intel64_lin/libiomp5.so</arg>
  <severity>INFO</severity>
  <timestamp>Sun Oct 30 23:10:36 2022</timestamp>
</msg>
<msg id="29" tool="trc">
  <type>UNLOAD_MODULE</type>
  <arg>/lib64/libpthread.so.0</arg>
  <severity>INFO</severity>
  <timestamp>Sun Oct 30 23:10:36 2022</timestamp>
</msg>
<msg id="30" tool="trc">
  <type>UNLOAD_MODULE</type>
  <arg>/lib64/libstdc++.so.6</arg>
  <severity>INFO</severity>
  <timestamp>Sun Oct 30 23:10:36 2022</timestamp>
</msg>
<msg id="31" tool="trc">
  <type>UNLOAD_MODULE</type>
  <arg>/lib64/libc.so.6</arg>
  <severity>INFO</severity>
  <timestamp>Sun Oct 30 23:10:36 2022</timestamp>
</msg>
<msg id="32" tool="trc">
  <type>UNLOAD_MODULE</type>
  <arg>/lib64/libdl.so.2</arg>
  <severity>INFO</severity>
  <timestamp>Sun Oct 30 23:10:36 2022</timestamp>
</msg>
<msg id="33" tool="trc">
  <type>UNLOAD_MODULE</type>
  <arg>/apps/papi/5.7.0/lib/libpfm.so.4</arg>
  <severity>INFO</severity>
  <timestamp>Sun Oct 30 23:10:36 2022</timestamp>
</msg>
<msg id="34" tool="trc">
  <type>UNLOAD_MODULE</type>
  <arg>/lib64/librt.so.1</arg>
  <severity>INFO</severity>
  <timestamp>Sun Oct 30 23:10:36 2022</timestamp>
</msg>
<msg id="35" tool="trc">
  <type>UNLOAD_MODULE</type>
  <arg>/lib64/libgcc_s.so.1</arg>
  <severity>INFO</severity>
  <timestamp>Sun Oct 30 23:10:36 2022</timestamp>
</msg>
<msg id="36" tool="trc">
  <type>UNLOAD_MODULE</type>
  <arg>/apps/intel-oneapi/advisor/2022.1.0/lib64/runtime/libittnotify.so</arg>
  <severity>INFO</severity>
  <timestamp>Sun Oct 30 23:10:36 2022</timestamp>
</msg>
<msg id="37" tool="trc">
  <type>UNLOAD_MODULE</type>
  <arg>/apps/intel-oneapi/advisor/2022.1.0/lib64/libpinjitprofiling.so</arg>
  <severity>INFO</severity>
  <timestamp>Sun Oct 30 23:10:36 2022</timestamp>
</msg>
<msg id="38" tool="trc">
  <type>UNLOAD_MODULE</type>
  <arg>DynamicCodeBin</arg>
  <severity>INFO</severity>
  <timestamp>Sun Oct 30 23:10:36 2022</timestamp>
</msg>
<msg id="39" tool="trc">
  <type>PROCESS_FINISH</type>
  <arg>/home/444/yz4016/COMP3320/assessments/comp3320-2022-assignment-2/build/kernel_block</arg>
  <arg>1084292</arg>
  <arg>0x0</arg>
  <severity>INFO</severity>
  <timestamp>Sun Oct 30 23:10:36 2022</timestamp>
</msg>
<msg id="40" tool="runtool">
  <type>app-exit-code</type>
  <arg>0</arg>
</msg>
<msg id="41" tool="runtool">
  <type>marker-file</type>
  <arg>/home/444/yz4016/COMP3320/assessments/comp3320-2022-assignment-2/build/adv_results/e000/trc000/trc000.advixe</arg>
</msg>
<msg id="42" tool="runtool">
  <type>collector-done</type>
</msg>
<msg id="43" tool="runtool">
  <type>log-end</type>
  <arg>2022/10/31 10:10:39</arg>
</msg>

</log>

